<?xml version="1.0" encoding="UTF-8"?>
<testng-results skipped="0" failed="0" ignored="0" total="1" passed="1">
  <reporter-output>
  </reporter-output>
  <suite name="Suite" duration-ms="1780" started-at="2017-10-07T09:11:55Z" finished-at="2017-10-07T09:11:57Z">
    <groups>
    </groups>
    <test name="Test" duration-ms="1780" started-at="2017-10-07T09:11:55Z" finished-at="2017-10-07T09:11:57Z">
      <class name="com.tigerspiketest.ApiDataTest">
        <test-method status="PASS" signature="DesiredCapabilities()[pri:0, instance:com.tigerspiketest.ApiDataTest@685cb137]" name="DesiredCapabilities" is-config="true" duration-ms="39047" started-at="2017-10-07T10:11:16Z" finished-at="2017-10-07T10:11:55Z">
          <reporter-output>
          </reporter-output>
        </test-method> <!-- DesiredCapabilities -->
        <test-method status="PASS" signature="testLogin()[pri:0, instance:com.tigerspiketest.ApiDataTest@685cb137]" name="testLogin" duration-ms="1755" started-at="2017-10-07T10:11:55Z" finished-at="2017-10-07T10:11:57Z">
          <reporter-output>
          </reporter-output>
        </test-method> <!-- testLogin -->
        <test-method status="PASS" signature="tearDown()[pri:0, instance:com.tigerspiketest.ApiDataTest@685cb137]" name="tearDown" is-config="true" duration-ms="435" started-at="2017-10-07T10:11:57Z" finished-at="2017-10-07T10:11:58Z">
          <reporter-output>
          </reporter-output>
        </test-method> <!-- tearDown -->
      </class> <!-- com.tigerspiketest.ApiDataTest -->
    </test> <!-- Test -->
  </suite> <!-- Suite -->
</testng-results>
